2025-10-10 11:47:02,959 [INFO] Программа запущена
2025-10-10 11:47:02,960 [INFO] Принимаем параметры
2025-10-10 11:47:30,395 [INFO] Программа запущена
2025-10-10 11:47:30,395 [INFO] Принимаем параметры
2025-10-10 11:47:43,453 [INFO] Задан путь для файла со студентами в\udcd1вdata/JSON/students.json
2025-10-10 11:47:48,711 [INFO] Задан путь для файла с комнатами data/JSON/rooms.json
2025-10-10 11:47:51,024 [INFO] Задано название файла результатов a
2025-10-10 11:47:51,026 [INFO] Добавлен формат к названию файла
2025-10-10 11:47:51,026 [INFO] Читаем параметры для подключения к БД
2025-10-10 11:47:51,027 [INFO] Создаем ссылку на БД
2025-10-10 11:47:51,027 [INFO] Инициализирован экспортер для JSON
2025-10-10 11:47:51,043 [INFO] Успешное подулючение к БД
2025-10-10 11:47:51,043 [INFO] Задаем схему БД
2025-10-10 11:47:51,043 [INFO] Применяем схему: sql/schema_pg.sql
2025-10-10 11:47:51,046 [INFO] SQL-файл прочитан: sql/schema_pg.sql (320 символов)
2025-10-10 11:47:51,048 [INFO] Схема успешно применена
2025-10-10 11:47:51,048 [INFO] Добавляем индексы
2025-10-10 11:47:51,048 [INFO] Применяем индексы
2025-10-10 11:47:51,050 [INFO] SQL-файл прочитан: sql/indexes_pg.sql (208 символов)
2025-10-10 11:47:51,051 [INFO] Индексы успешно применены
2025-10-10 11:47:51,052 [INFO] Загружаем файл студентов в БД
2025-10-10 11:47:51,052 [INFO] Запущена функция load_rooms
2025-10-10 11:47:51,052 [INFO] Читаем файл комнат
2025-10-10 11:47:51,054 [INFO] Преобразовываем в Room и записываем в кортеж
2025-10-10 11:47:51,055 [INFO] Вставляем в Бд пакетами
2025-10-10 11:47:51,133 [INFO] Загружено комнат: 1000
2025-10-10 11:47:51,134 [INFO] Загружаем файл комнат в БД
2025-10-10 11:47:51,134 [INFO] Запущена функция load_students
2025-10-10 11:47:51,134 [INFO] Читаем файл студентов
2025-10-10 11:48:46,018 [INFO] Программа запущена
2025-10-10 11:48:46,018 [INFO] Принимаем параметры
2025-10-10 11:48:53,196 [INFO] Задан путь для файла со студентами data/JSON/students.json
2025-10-10 11:48:59,251 [INFO] Задан путь для файла с комнатами data/JSON/rooms.json
2025-10-10 11:49:07,047 [INFO] Задано название файла результатов json
2025-10-10 11:49:07,048 [INFO] Читаем параметры для подключения к БД
2025-10-10 11:49:07,049 [INFO] Создаем ссылку на БД
2025-10-10 11:49:07,049 [INFO] Инициализирован экспортер для JSON
2025-10-10 11:49:07,063 [INFO] Успешное подулючение к БД
2025-10-10 11:49:07,063 [INFO] Задаем схему БД
2025-10-10 11:49:07,063 [INFO] Применяем схему: sql/schema_pg.sql
2025-10-10 11:49:07,064 [INFO] SQL-файл прочитан: sql/schema_pg.sql (320 символов)
2025-10-10 11:49:07,067 [INFO] Схема успешно применена
2025-10-10 11:49:07,067 [INFO] Добавляем индексы
2025-10-10 11:49:07,067 [INFO] Применяем индексы
2025-10-10 11:49:07,068 [INFO] SQL-файл прочитан: sql/indexes_pg.sql (208 символов)
2025-10-10 11:49:07,084 [INFO] Индексы успешно применены
2025-10-10 11:49:07,085 [INFO] Загружаем файл студентов в БД
2025-10-10 11:49:07,085 [INFO] Запущена функция load_rooms
2025-10-10 11:49:07,086 [INFO] Читаем файл комнат
2025-10-10 11:49:07,090 [INFO] Преобразовываем в Room и записываем в кортеж
2025-10-10 11:49:07,092 [INFO] Вставляем в Бд пакетами
2025-10-10 11:49:07,226 [INFO] Загружено комнат: 1000
2025-10-10 11:49:07,226 [INFO] Загружаем файл комнат в БД
2025-10-10 11:49:07,226 [INFO] Запущена функция load_students
2025-10-10 11:49:07,226 [INFO] Читаем файл студентов
2025-10-10 11:49:07,237 [INFO] Преобразовываем в Student и записываем в кортеж
2025-10-10 11:49:07,245 [INFO] Вставляем в Бд пакетами
2025-10-10 11:49:08,080 [INFO] Загружено студентов: 10000
2025-10-10 11:49:08,081 [INFO] Выполняем запросы к БД и записываем результат в словарь
2025-10-10 11:49:08,081 [INFO] Выполняется запрос: Список комнат и количество студентов в каждой из них;
2025-10-10 11:49:08,086 [INFO] Выполняется запрос: 5 комнат с наименьшим средним возрастом студентов;
2025-10-10 11:49:08,092 [INFO] Выполняется запрос: 5 комнат с наибольшей разницей в возрасте студентов;
2025-10-10 11:49:08,097 [INFO] Выполняется запрос: Список комнат, где проживают студенты разного пола;
2025-10-10 11:49:08,103 [INFO] Экспортируем результат
